app/build/outputs/logs/manifest-merger-debug-report.txt
-- Merging decision tree log ---
manifest
ADDED from src\main\AndroidManifest.xml:2:1-87:12
	xmlns:android
		ADDED from src\main\AndroidManifest.xml:2:11-69
	package
		ADDED from src\main\AndroidManifest.xml:3:5-48
		INJECTED from src\main\AndroidManifest.xml
		INJECTED from src\main\AndroidManifest.xml
	android:versionName
		INJECTED from src\main\AndroidManifest.xml
		INJECTED from src\main\AndroidManifest.xml
	android:versionCode
		INJECTED from src\main\AndroidManifest.xml
		INJECTED from src\main\AndroidManifest.xml
application
ADDED from src\main\AndroidManifest.xml:5:5-85:19
MERGED from [com.android.support:cardview-v7:23.1.1] AndroidManifest.xml:22:5-20
MERGED from [com.android.support:appcompat-v7:23.0.0] AndroidManifest.xml:22:5-20
MERGED from [com.android.support:support-v4:23.3.0] AndroidManifest.xml:22:5-20
MERGED from [com.android.support:design:23.0.0] AndroidManifest.xml:22:5-20
MERGED from [com.android.support:appcompat-v7:23.0.0] AndroidManifest.xml:22:5-20
MERGED from [com.android.support:support-v4:23.3.0] AndroidManifest.xml:22:5-20
MERGED from [com.android.support:support-v4:23.3.0] AndroidManifest.xml:22:5-20
MERGED from [com.android.support:support-v4:23.3.0] AndroidManifest.xml:22:5-20
MERGED from [com.android.support:cardview-v7:23.1.1] AndroidManifest.xml:22:5-20
MERGED from [com.android.support:recyclerview-v7:21.0.3] AndroidManifest.xml:17:5-19:19
MERGED from [com.android.support:support-v4:23.3.0] AndroidManifest.xml:22:5-20
MERGED from [com.android.support:support-v4:23.3.0] AndroidManifest.xml:22:5-20
MERGED from [com.android.support:support-v4:23.3.0] AndroidManifest.xml:22:5-20
	android:supportsRtl
		ADDED from src\main\AndroidManifest.xml:9:9-35
	android:label
		ADDED from src\main\AndroidManifest.xml:8:9-41
	android:allowBackup
		ADDED from src\main\AndroidManifest.xml:6:9-35
	android:icon
		ADDED from src\main\AndroidManifest.xml:7:9-43
	android:theme
		ADDED from src\main\AndroidManifest.xml:10:9-40
activity#com.example.id2013_03.android_app.TABS.MainActivity
ADDED from src\main\AndroidManifest.xml:11:9-18:20
	android:name
		ADDED from src\main\AndroidManifest.xml:11:19-52
intent-filter#android.intent.action.MAIN+android.intent.category.LAUNCHER
ADDED from src\main\AndroidManifest.xml:12:13-17:29
action#android.intent.action.MAIN
ADDED from src\main\AndroidManifest.xml:13:17-69
	android:name
		ADDED from src\main\AndroidManifest.xml:13:25-66
category#android.intent.category.LAUNCHER
ADDED from src\main\AndroidManifest.xml:16:17-77
	android:name
		ADDED from src\main\AndroidManifest.xml:16:27-74
activity#com.example.id2013_03.android_app.SPECIFICATION_TABS.POPUP.SPEC_POPUP.Technical_Specification.Powertrain
ADDED from src\main\AndroidManifest.xml:20:9-23:58
	android:noHistory
		ADDED from src\main\AndroidManifest.xml:22:13-37
	android:theme
		ADDED from src\main\AndroidManifest.xml:23:13-46
	android:name
		ADDED from src\main\AndroidManifest.xml:21:13-99
activity#com.example.id2013_03.android_app.SPECIFICATION_TABS.POPUP.SPEC_POPUP.Technical_Specification.Brakes
ADDED from src\main\AndroidManifest.xml:25:9-28:58
	android:noHistory
		ADDED from src\main\AndroidManifest.xml:27:13-37
	android:theme
		ADDED from src\main\AndroidManifest.xml:28:13-46
	android:name
		ADDED from src\main\AndroidManifest.xml:26:13-95
activity#com.example.id2013_03.android_app.SPECIFICATION_TABS.POPUP.SPEC_POPUP.Technical_Specification.Body
ADDED from src\main\AndroidManifest.xml:30:9-33:58
	android:noHistory
		ADDED from src\main\AndroidManifest.xml:32:13-37
	android:theme
		ADDED from src\main\AndroidManifest.xml:33:13-46
	android:name
		ADDED from src\main\AndroidManifest.xml:31:13-93
activity#com.example.id2013_03.android_app.SPECIFICATION_TABS.POPUP.SPEC_POPUP.Performance_Data.Acceleration
ADDED from src\main\AndroidManifest.xml:35:9-38:58
	android:noHistory
		ADDED from src\main\AndroidManifest.xml:37:13-37
	android:theme
		ADDED from src\main\AndroidManifest.xml:38:13-46
	android:name
		ADDED from src\main\AndroidManifest.xml:36:13-94
activity#com.example.id2013_03.android_app.SPECIFICATION_TABS.POPUP.SPEC_POPUP.Performance_Data.Braking
ADDED from src\main\AndroidManifest.xml:40:9-43:58
	android:noHistory
		ADDED from src\main\AndroidManifest.xml:42:13-37
	android:theme
		ADDED from src\main\AndroidManifest.xml:43:13-46
	android:name
		ADDED from src\main\AndroidManifest.xml:41:13-89
activity#com.example.id2013_03.android_app.SPECIFICATION_TABS.POPUP.SPEC_POPUP.Performance_Data.Efficiency
ADDED from src\main\AndroidManifest.xml:45:9-48:58
	android:noHistory
		ADDED from src\main\AndroidManifest.xml:47:13-37
	android:theme
		ADDED from src\main\AndroidManifest.xml:48:13-46
	android:name
		ADDED from src\main\AndroidManifest.xml:46:13-92
activity#com.example.id2013_03.android_app.Exclusivity_TABS.POPUP.EXCLUSIVITY_POPUP_MSO_DEFINED.Mso_Defined_Popup
ADDED from src\main\AndroidManifest.xml:50:9-53:58
	android:noHistory
		ADDED from src\main\AndroidManifest.xml:52:13-37
	android:theme
		ADDED from src\main\AndroidManifest.xml:53:13-46
	android:name
		ADDED from src\main\AndroidManifest.xml:51:13-99
activity#com.example.id2013_03.android_app.Exclusivity_TABS.POPUP.EXCLUSIVITY_POPUP_MSO_BESPOKE.Mso_Bespoke_Popup
ADDED from src\main\AndroidManifest.xml:55:9-58:58
	android:noHistory
		ADDED from src\main\AndroidManifest.xml:57:13-37
	android:theme
		ADDED from src\main\AndroidManifest.xml:58:13-46
	android:name
		ADDED from src\main\AndroidManifest.xml:56:13-99
activity#com.example.id2013_03.android_app.Exclusivity_TABS.POPUP.EXCLUSIVITY_POPUP_MSO_HERITAGE.Mso_Heritage_Popup
ADDED from src\main\AndroidManifest.xml:60:9-63:58
	android:noHistory
		ADDED from src\main\AndroidManifest.xml:62:13-37
	android:theme
		ADDED from src\main\AndroidManifest.xml:63:13-46
	android:name
		ADDED from src\main\AndroidManifest.xml:61:13-101
activity#com.example.id2013_03.android_app.Exclusivity_TABS.POPUP.EXCLUSIVITY_POPUP_MSO_LIMITED.Mso_Limited_Popup
ADDED from src\main\AndroidManifest.xml:65:9-68:58
	android:noHistory
		ADDED from src\main\AndroidManifest.xml:67:13-37
	android:theme
		ADDED from src\main\AndroidManifest.xml:68:13-46
	android:name
		ADDED from src\main\AndroidManifest.xml:66:13-99
activity#com.example.id2013_03.android_app.Exclusivity_TABS.POPUP.EXCLUSIVITY_POPUP_MSO_PROGRAMMES.Mso_Programmes_Popup
ADDED from src\main\AndroidManifest.xml:70:9-73:58
	android:noHistory
		ADDED from src\main\AndroidManifest.xml:72:13-37
	android:theme
		ADDED from src\main\AndroidManifest.xml:73:13-46
	android:name
		ADDED from src\main\AndroidManifest.xml:71:13-105
activity#com.example.id2013_03.android_app.USER_LOGIN.Login
ADDED from src\main\AndroidManifest.xml:75:9-78:58
	android:noHistory
		ADDED from src\main\AndroidManifest.xml:77:13-37
	android:theme
		ADDED from src\main\AndroidManifest.xml:78:13-46
	android:name
		ADDED from src\main\AndroidManifest.xml:76:13-45
activity#com.example.id2013_03.android_app.USER_LOGIN.User_PickCar
ADDED from src\main\AndroidManifest.xml:80:9-83:58
	android:noHistory
		ADDED from src\main\AndroidManifest.xml:82:13-37
	android:theme
		ADDED from src\main\AndroidManifest.xml:83:13-46
	android:name
		ADDED from src\main\AndroidManifest.xml:81:13-52
uses-sdk
INJECTED from src\main\AndroidManifest.xml reason: use-sdk injection requested
MERGED from [com.android.support:cardview-v7:23.1.1] AndroidManifest.xml:20:5-43
MERGED from [com.android.support:appcompat-v7:23.0.0] AndroidManifest.xml:20:5-43
MERGED from [com.android.support:support-v4:23.3.0] AndroidManifest.xml:20:5-43
MERGED from [com.android.support:design:23.0.0] AndroidManifest.xml:20:5-43
MERGED from [com.android.support:appcompat-v7:23.0.0] AndroidManifest.xml:20:5-43
MERGED from [com.android.support:support-v4:23.3.0] AndroidManifest.xml:20:5-43
MERGED from [com.android.support:support-v4:23.3.0] AndroidManifest.xml:20:5-43
MERGED from [com.android.support:support-v4:23.3.0] AndroidManifest.xml:20:5-43
MERGED from [com.android.support:cardview-v7:23.1.1] AndroidManifest.xml:20:5-43
MERGED from [com.android.support:recyclerview-v7:21.0.3] AndroidManifest.xml:15:5-42
MERGED from [com.android.support:support-v4:23.3.0] AndroidManifest.xml:20:5-43
MERGED from [com.github.castorflex.verticalviewpager:library:19.0.1] AndroidManifest.xml:3:5-72
MERGED from [com.android.support:support-v4:23.3.0] AndroidManifest.xml:20:5-43
MERGED from [com.android.support:support-v4:23.3.0] AndroidManifest.xml:20:5-43
	android:targetSdkVersion
		INJECTED from src\main\AndroidManifest.xml
		INJECTED from src\main\AndroidManifest.xml
	android:minSdkVersion
		INJECTED from src\main\AndroidManifest.xml
		INJECTED from src\main\AndroidManifest.xml
activity#android.support.v7.widget.TestActivity
ADDED from [com.android.support:recyclerview-v7:21.0.3] AndroidManifest.xml:18:9-115
	android:label
		ADDED from [com.android.support:recyclerview-v7:21.0.3] AndroidManifest.xml:18:19-59
	android:name
		ADDED from [com.android.support:recyclerview-v7:21.0.3] AndroidManifest.xml:18:60-113